Changed directory to /home/hs621/github/PollutionABM.

JobID: 16267876
======
Time: Fri Oct 18 22:48:08 BST 2019
Running on master node: cpu-e-526
Current directory: /home/hs621/github/PollutionABM

Nodes allocated:
================
cpu-e-526

numtasks=, numnodes=1, mpi_tasks_per_node=9 (OMP_NUM_THREADS=1)

Executing command:
==================
Rscript /home/hs621/github/PollutionABM/nlrx_seoul.R

── Attaching packages ─────────────────────────────────────── tidyverse 1.2.1 ──
✔ ggplot2 3.0.0       ✔ purrr   0.3.1  
✔ tibble  2.0.1       ✔ dplyr   0.8.0.1
✔ tidyr   0.8.3       ✔ stringr 1.4.0  
✔ readr   1.3.1       ✔ forcats 0.3.0  
── Conflicts ────────────────────────────────────────── tidyverse_conflicts() ──
✖ dplyr::filter() masks stats::filter()
✖ dplyr::lag()    masks stats::lag()
All defined variables and constants are valid!
Creating distinct simulation design
Exception in thread "main" java.lang.IllegalStateException: unknown NetLogo version: NetLogo 6.1.1
	at org.nlogo.headless.HeadlessModelOpener.openFromModel(HeadlessModelOpener.scala:31)
	at org.nlogo.headless.HeadlessWorkspace.openModel(HeadlessWorkspace.scala:535)
	at org.nlogo.headless.HeadlessWorkspace.open(HeadlessWorkspace.scala:502)
	at org.nlogo.headless.Main$.newWorkspace$1(Main.scala:18)
	at org.nlogo.headless.Main$.runExperiment(Main.scala:21)
	at org.nlogo.headless.Main$.$anonfun$main$1(Main.scala:12)
	at org.nlogo.headless.Main$.$anonfun$main$1$adapted(Main.scala:12)
	at scala.Option.foreach(Option.scala:257)
	at org.nlogo.headless.Main$.main(Main.scala:12)
	at org.nlogo.headless.Main.main(Main.scala)
